Start testing: Nov 16 03:03 中国标准时间
----------------------------------------------------------
1/2 Testing: executor_basic
1/2 Test: executor_basic
Command: "D:/cpp-training/build-mingw/training_main.exe"
Directory: D:/cpp-training/build-mingw
"executor_basic" start time: Nov 16 03:03 中国标准时间
Output:
----------------------------------------------------------
<end of output>
Test time =   0.04 sec
----------------------------------------------------------
Test Passed.
"executor_basic" end time: Nov 16 03:03 中国标准时间
"executor_basic" time elapsed: 00:00:00
----------------------------------------------------------

2/2 Testing: executor_turn_round
2/2 Test: executor_turn_round
Command: "D:/cpp-training/build-mingw/turn_test.exe"
Directory: D:/cpp-training/build-mingw
"executor_turn_round" start time: Nov 16 03:03 中国标准时间
Output:
----------------------------------------------------------
<end of output>
Test time =   0.03 sec
----------------------------------------------------------
Test Passed.
"executor_turn_round" end time: Nov 16 03:03 中国标准时间
"executor_turn_round" time elapsed: 00:00:00
----------------------------------------------------------

End testing: Nov 16 03:03 中国标准时间
